2026-02-09 02:07:59,684 - aqt.main - INFO - installer 140457389722496 aqtinstall(aqt) v3.1.21 on Python 3.12.12 [CPython GCC 13.3.0]
2026-02-09 02:07:59,926 - aqt.main - INFO - installer 140361593432960 aqtinstall(aqt) v3.1.21 on Python 3.12.12 [CPython GCC 13.3.0]
2026-02-09 02:07:59,926 - aqt.helper - DEBUG - helper 140361593432960 Attempt to download checksum at https://download.qt.io/online/qtsdkrepository/linux_x64/desktop/qt6_683/qt6_683/Updates.xml.sha256
2026-02-09 02:08:01,179 - aqt.helper - DEBUG - helper 140361593432960 Attempt to download checksum at https://download.qt.io/online/qtsdkrepository/linux_x64/extensions/qtwebengine/683/x86_64/Updates.xml.sha256
2026-02-09 02:08:02,422 - aqt.archives - INFO - archives 140361593432960 Found extension qtwebengine
2026-02-09 02:08:02,422 - aqt.helper - DEBUG - helper 140361593432960 Attempt to download checksum at https://download.qt.io/online/qtsdkrepository/linux_x64/extensions/qtpdf/683/x86_64/Updates.xml.sha256
2026-02-09 02:08:03,601 - aqt.archives - INFO - archives 140361593432960 Found extension qtpdf
2026-02-09 02:08:04,152 - aqt.helper - DEBUG - helper 140499030297472 Attempt to download checksum at https://download.qt.io/online/qtsdkrepository/linux_x64/desktop/qt6_683/qt6_683/qt.qt6.683.linux_gcc_64/6.8.3-0-202503201345qtbase-Linux-RHEL_8_10-GCC-Linux-RHEL_8_10-X86_64.7z.sha256
2026-02-09 02:08:04,156 - aqt.helper - DEBUG - helper 139952666311552 Attempt to download checksum at https://download.qt.io/online/qtsdkrepository/linux_x64/desktop/qt6_683/qt6_683/qt.qt6.683.linux_gcc_64/6.8.3-0-202503201345qtsvg-Linux-RHEL_8_10-GCC-Linux-RHEL_8_10-X86_64.7z.sha256
2026-02-09 02:08:04,166 - aqt.helper - DEBUG - helper 140295328025472 Attempt to download checksum at https://download.qt.io/online/qtsdkrepository/linux_x64/desktop/qt6_683/qt6_683/qt.qt6.683.linux_gcc_64/6.8.3-0-202503201345qtdeclarative-Linux-RHEL_8_10-GCC-Linux-RHEL_8_10-X86_64.7z.sha256
2026-02-09 02:08:04,167 - aqt.helper - DEBUG - helper 140356749753216 Attempt to download checksum at https://download.qt.io/online/qtsdkrepository/linux_x64/desktop/qt6_683/qt6_683/qt.qt6.683.linux_gcc_64/6.8.3-0-202503201345qttools-Linux-RHEL_8_10-GCC-Linux-RHEL_8_10-X86_64.7z.sha256
2026-02-09 02:08:04,784 - aqt.helper - INFO - helper 140295328025472 Downloading qtdeclarative...
2026-02-09 02:08:04,784 - aqt.installer - DEBUG - installer 140295328025472 Download URL: https://download.qt.io/online/qtsdkrepository/linux_x64/desktop/qt6_683/qt6_683/qt.qt6.683.linux_gcc_64/6.8.3-0-202503201345qtdeclarative-Linux-RHEL_8_10-GCC-Linux-RHEL_8_10-X86_64.7z
2026-02-09 02:08:04,787 - aqt.helper - INFO - helper 140356749753216 Downloading qttools...
2026-02-09 02:08:04,788 - aqt.helper - INFO - helper 140499030297472 Downloading qtbase...
2026-02-09 02:08:04,788 - aqt.installer - DEBUG - installer 140356749753216 Download URL: https://download.qt.io/online/qtsdkrepository/linux_x64/desktop/qt6_683/qt6_683/qt.qt6.683.linux_gcc_64/6.8.3-0-202503201345qttools-Linux-RHEL_8_10-GCC-Linux-RHEL_8_10-X86_64.7z
2026-02-09 02:08:04,788 - aqt.installer - DEBUG - installer 140499030297472 Download URL: https://download.qt.io/online/qtsdkrepository/linux_x64/desktop/qt6_683/qt6_683/qt.qt6.683.linux_gcc_64/6.8.3-0-202503201345qtbase-Linux-RHEL_8_10-GCC-Linux-RHEL_8_10-X86_64.7z
2026-02-09 02:08:04,796 - aqt.helper - INFO - helper 139952666311552 Downloading qtsvg...
2026-02-09 02:08:04,796 - aqt.installer - DEBUG - installer 139952666311552 Download URL: https://download.qt.io/online/qtsdkrepository/linux_x64/desktop/qt6_683/qt6_683/qt.qt6.683.linux_gcc_64/6.8.3-0-202503201345qtsvg-Linux-RHEL_8_10-GCC-Linux-RHEL_8_10-X86_64.7z
2026-02-09 02:08:05,473 - aqt.helper - DEBUG - helper 140356749753216 Asked to redirect(302) to: https://qt.mirror.constant.com/online/qtsdkrepository/linux_x64/desktop/qt6_683/qt6_683/qt.qt6.683.linux_gcc_64/6.8.3-0-202503201345qttools-Linux-RHEL_8_10-GCC-Linux-RHEL_8_10-X86_64.7z
2026-02-09 02:08:05,473 - aqt.helper - INFO - helper 140356749753216 Redirected: qt.mirror.constant.com
2026-02-09 02:08:05,474 - aqt.helper - DEBUG - helper 140295328025472 Asked to redirect(302) to: https://qt.mirror.constant.com/online/qtsdkrepository/linux_x64/desktop/qt6_683/qt6_683/qt.qt6.683.linux_gcc_64/6.8.3-0-202503201345qtdeclarative-Linux-RHEL_8_10-GCC-Linux-RHEL_8_10-X86_64.7z
2026-02-09 02:08:05,474 - aqt.helper - INFO - helper 140295328025472 Redirected: qt.mirror.constant.com
2026-02-09 02:08:05,475 - aqt.helper - DEBUG - helper 140499030297472 Asked to redirect(302) to: https://qt.mirror.constant.com/online/qtsdkrepository/linux_x64/desktop/qt6_683/qt6_683/qt.qt6.683.linux_gcc_64/6.8.3-0-202503201345qtbase-Linux-RHEL_8_10-GCC-Linux-RHEL_8_10-X86_64.7z
2026-02-09 02:08:05,475 - aqt.helper - INFO - helper 140499030297472 Redirected: qt.mirror.constant.com
2026-02-09 02:08:05,484 - aqt.helper - DEBUG - helper 139952666311552 Asked to redirect(302) to: https://qt.mirror.constant.com/online/qtsdkrepository/linux_x64/desktop/qt6_683/qt6_683/qt.qt6.683.linux_gcc_64/6.8.3-0-202503201345qtsvg-Linux-RHEL_8_10-GCC-Linux-RHEL_8_10-X86_64.7z
2026-02-09 02:08:05,484 - aqt.helper - INFO - helper 139952666311552 Redirected: qt.mirror.constant.com
2026-02-09 02:08:06,020 - aqt.installer - INFO - installer 139952666311552 Finished installation of qtsvg-Linux-RHEL_8_10-GCC-Linux-RHEL_8_10-X86_64.7z in 1.86687760
2026-02-09 02:08:06,031 - aqt.helper - DEBUG - helper 139952666311552 Attempt to download checksum at https://download.qt.io/online/qtsdkrepository/linux_x64/desktop/qt6_683/qt6_683/qt.qt6.683.linux_gcc_64/6.8.3-0-202503201345qttranslations-Linux-RHEL_8_10-GCC-Linux-RHEL_8_10-X86_64.7z.sha256
2026-02-09 02:08:06,633 - aqt.helper - INFO - helper 139952666311552 Downloading qttranslations...
2026-02-09 02:08:06,633 - aqt.installer - DEBUG - installer 139952666311552 Download URL: https://download.qt.io/online/qtsdkrepository/linux_x64/desktop/qt6_683/qt6_683/qt.qt6.683.linux_gcc_64/6.8.3-0-202503201345qttranslations-Linux-RHEL_8_10-GCC-Linux-RHEL_8_10-X86_64.7z
2026-02-09 02:08:07,235 - aqt.helper - DEBUG - helper 139952666311552 Asked to redirect(302) to: https://qt.mirror.constant.com/online/qtsdkrepository/linux_x64/desktop/qt6_683/qt6_683/qt.qt6.683.linux_gcc_64/6.8.3-0-202503201345qttranslations-Linux-RHEL_8_10-GCC-Linux-RHEL_8_10-X86_64.7z
2026-02-09 02:08:07,235 - aqt.helper - INFO - helper 139952666311552 Redirected: qt.mirror.constant.com
2026-02-09 02:08:08,084 - aqt.installer - INFO - installer 139952666311552 Finished installation of qttranslations-Linux-RHEL_8_10-GCC-Linux-RHEL_8_10-X86_64.7z in 2.05477214
2026-02-09 02:08:08,100 - aqt.helper - DEBUG - helper 139952666311552 Attempt to download checksum at https://download.qt.io/online/qtsdkrepository/linux_x64/desktop/qt6_683/qt6_683/qt.qt6.683.linux_gcc_64/6.8.3-0-202503201345qtwayland-Linux-RHEL_8_10-GCC-Linux-RHEL_8_10-X86_64.7z.sha256
2026-02-09 02:08:08,714 - aqt.helper - INFO - helper 139952666311552 Downloading qtwayland...
2026-02-09 02:08:08,715 - aqt.installer - DEBUG - installer 139952666311552 Download URL: https://download.qt.io/online/qtsdkrepository/linux_x64/desktop/qt6_683/qt6_683/qt.qt6.683.linux_gcc_64/6.8.3-0-202503201345qtwayland-Linux-RHEL_8_10-GCC-Linux-RHEL_8_10-X86_64.7z
2026-02-09 02:08:09,331 - aqt.helper - DEBUG - helper 139952666311552 Asked to redirect(302) to: https://qt.mirror.constant.com/online/qtsdkrepository/linux_x64/desktop/qt6_683/qt6_683/qt.qt6.683.linux_gcc_64/6.8.3-0-202503201345qtwayland-Linux-RHEL_8_10-GCC-Linux-RHEL_8_10-X86_64.7z
2026-02-09 02:08:09,331 - aqt.helper - INFO - helper 139952666311552 Redirected: qt.mirror.constant.com
2026-02-09 02:08:09,615 - aqt.installer - INFO - installer 140356749753216 Finished installation of qttools-Linux-RHEL_8_10-GCC-Linux-RHEL_8_10-X86_64.7z in 5.44926838
2026-02-09 02:08:09,627 - aqt.helper - DEBUG - helper 140356749753216 Attempt to download checksum at https://download.qt.io/online/qtsdkrepository/linux_x64/desktop/qt6_683/qt6_683/qt.qt6.683.linux_gcc_64/6.8.3-0-202503201345icu-linux-Rhel8.6-x86_64.7z.sha256
2026-02-09 02:08:09,936 - aqt.installer - INFO - installer 140499030297472 Finished installation of qtbase-Linux-RHEL_8_10-GCC-Linux-RHEL_8_10-X86_64.7z in 5.78664499
2026-02-09 02:08:10,008 - aqt.installer - INFO - installer 139952666311552 Finished installation of qtwayland-Linux-RHEL_8_10-GCC-Linux-RHEL_8_10-X86_64.7z in 1.90996984
2026-02-09 02:08:10,228 - aqt.helper - INFO - helper 140356749753216 Downloading icu...
2026-02-09 02:08:10,229 - aqt.installer - DEBUG - installer 140356749753216 Download URL: https://download.qt.io/online/qtsdkrepository/linux_x64/desktop/qt6_683/qt6_683/qt.qt6.683.linux_gcc_64/6.8.3-0-202503201345icu-linux-Rhel8.6-x86_64.7z
2026-02-09 02:08:10,828 - aqt.helper - DEBUG - helper 140356749753216 Asked to redirect(302) to: https://qt.mirror.constant.com/online/qtsdkrepository/linux_x64/desktop/qt6_683/qt6_683/qt.qt6.683.linux_gcc_64/6.8.3-0-202503201345icu-linux-Rhel8.6-x86_64.7z
2026-02-09 02:08:10,828 - aqt.helper - INFO - helper 140356749753216 Redirected: qt.mirror.constant.com
2026-02-09 02:08:12,227 - aqt.installer - INFO - installer 140356749753216 Finished installation of icu-linux-Rhel8.6-x86_64.7z in 2.60154743
2026-02-09 02:08:19,865 - aqt.installer - INFO - installer 140295328025472 Finished installation of qtdeclarative-Linux-RHEL_8_10-GCC-Linux-RHEL_8_10-X86_64.7z in 15.70124195
2026-02-09 02:08:19,942 - aqt.updater - INFO - updater 140361593432960 Patching /home/runner/work/FreeCAD/Qt/6.8.3/gcc_64/bin/qmake
2026-02-09 02:08:19,946 - aqt.updater - INFO - updater 140361593432960 Patching /home/runner/work/FreeCAD/Qt/6.8.3/gcc_64/lib/pkgconfig/Qt6Sql.pc
2026-02-09 02:08:19,946 - aqt.updater - INFO - updater 140361593432960 Patching /home/runner/work/FreeCAD/Qt/6.8.3/gcc_64/lib/pkgconfig/Qt6Core.pc
2026-02-09 02:08:19,946 - aqt.updater - INFO - updater 140361593432960 Patching /home/runner/work/FreeCAD/Qt/6.8.3/gcc_64/lib/pkgconfig/Qt6SvgWidgets.pc
2026-02-09 02:08:19,947 - aqt.updater - INFO - updater 140361593432960 Patching /home/runner/work/FreeCAD/Qt/6.8.3/gcc_64/lib/pkgconfig/Qt6DBus.pc
2026-02-09 02:08:19,947 - aqt.updater - INFO - updater 140361593432960 Patching /home/runner/work/FreeCAD/Qt/6.8.3/gcc_64/lib/pkgconfig/Qt6Platform.pc
2026-02-09 02:08:19,947 - aqt.updater - INFO - updater 140361593432960 Patching /home/runner/work/FreeCAD/Qt/6.8.3/gcc_64/lib/pkgconfig/Qt6Qml.pc
2026-02-09 02:08:19,947 - aqt.updater - INFO - updater 140361593432960 Patching /home/runner/work/FreeCAD/Qt/6.8.3/gcc_64/lib/pkgconfig/Qt6UiPlugin.pc
2026-02-09 02:08:19,947 - aqt.updater - INFO - updater 140361593432960 Patching /home/runner/work/FreeCAD/Qt/6.8.3/gcc_64/lib/pkgconfig/Qt6QuickControls2UniversalStyleImpl.pc
2026-02-09 02:08:19,948 - aqt.updater - INFO - updater 140361593432960 Patching /home/runner/work/FreeCAD/Qt/6.8.3/gcc_64/lib/pkgconfig/Qt6QuickControls2BasicStyleImpl.pc
2026-02-09 02:08:19,948 - aqt.updater - INFO - updater 140361593432960 Patching /home/runner/work/FreeCAD/Qt/6.8.3/gcc_64/lib/pkgconfig/Qt6QuickControls2.pc
2026-02-09 02:08:19,948 - aqt.updater - INFO - updater 140361593432960 Patching /home/runner/work/FreeCAD/Qt/6.8.3/gcc_64/lib/pkgconfig/Qt6QuickControls2Fusion.pc
2026-02-09 02:08:19,948 - aqt.updater - INFO - updater 140361593432960 Patching /home/runner/work/FreeCAD/Qt/6.8.3/gcc_64/lib/pkgconfig/Qt6Network.pc
2026-02-09 02:08:19,948 - aqt.updater - INFO - updater 140361593432960 Patching /home/runner/work/FreeCAD/Qt/6.8.3/gcc_64/lib/pkgconfig/Qt6Help.pc
2026-02-09 02:08:19,948 - aqt.updater - INFO - updater 140361593432960 Patching /home/runner/work/FreeCAD/Qt/6.8.3/gcc_64/lib/pkgconfig/Qt6LabsWavefrontMesh.pc
2026-02-09 02:08:19,949 - aqt.updater - INFO - updater 140361593432960 Patching /home/runner/work/FreeCAD/Qt/6.8.3/gcc_64/lib/pkgconfig/Qt6QuickWidgets.pc
2026-02-09 02:08:19,949 - aqt.updater - INFO - updater 140361593432960 Patching /home/runner/work/FreeCAD/Qt/6.8.3/gcc_64/lib/pkgconfig/Qt6QuickDialogs2.pc
2026-02-09 02:08:19,949 - aqt.updater - INFO - updater 140361593432960 Patching /home/runner/work/FreeCAD/Qt/6.8.3/gcc_64/lib/pkgconfig/Qt6QuickControls2Material.pc
2026-02-09 02:08:19,949 - aqt.updater - INFO - updater 140361593432960 Patching /home/runner/work/FreeCAD/Qt/6.8.3/gcc_64/lib/pkgconfig/Qt6Xml.pc
2026-02-09 02:08:19,949 - aqt.updater - INFO - updater 140361593432960 Patching /home/runner/work/FreeCAD/Qt/6.8.3/gcc_64/lib/pkgconfig/Qt6QuickTemplates2.pc
2026-02-09 02:08:19,949 - aqt.updater - INFO - updater 140361593432960 Patching /home/runner/work/FreeCAD/Qt/6.8.3/gcc_64/lib/pkgconfig/Qt6UiTools.pc
2026-02-09 02:08:19,950 - aqt.updater - INFO - updater 140361593432960 Patching /home/runner/work/FreeCAD/Qt/6.8.3/gcc_64/lib/pkgconfig/Qt6Gui.pc
2026-02-09 02:08:19,950 - aqt.updater - INFO - updater 140361593432960 Patching /home/runner/work/FreeCAD/Qt/6.8.3/gcc_64/lib/pkgconfig/Qt6QuickControls2FluentWinUI3StyleImpl.pc
2026-02-09 02:08:19,950 - aqt.updater - INFO - updater 140361593432960 Patching /home/runner/work/FreeCAD/Qt/6.8.3/gcc_64/lib/pkgconfig/Qt6Designer.pc
2026-02-09 02:08:19,950 - aqt.updater - INFO - updater 140361593432960 Patching /home/runner/work/FreeCAD/Qt/6.8.3/gcc_64/lib/pkgconfig/Qt6QuickLayouts.pc
2026-02-09 02:08:19,950 - aqt.updater - INFO - updater 140361593432960 Patching /home/runner/work/FreeCAD/Qt/6.8.3/gcc_64/lib/pkgconfig/Qt6QmlIntegration.pc
2026-02-09 02:08:19,951 - aqt.updater - INFO - updater 140361593432960 Patching /home/runner/work/FreeCAD/Qt/6.8.3/gcc_64/lib/pkgconfig/Qt6PrintSupport.pc
2026-02-09 02:08:19,951 - aqt.updater - INFO - updater 140361593432960 Patching /home/runner/work/FreeCAD/Qt/6.8.3/gcc_64/lib/pkgconfig/Qt6LabsAnimation.pc
2026-02-09 02:08:19,951 - aqt.updater - INFO - updater 140361593432960 Patching /home/runner/work/FreeCAD/Qt/6.8.3/gcc_64/lib/pkgconfig/Qt6LabsSettings.pc
2026-02-09 02:08:19,951 - aqt.updater - INFO - updater 140361593432960 Patching /home/runner/work/FreeCAD/Qt/6.8.3/gcc_64/lib/pkgconfig/Qt6QuickControls2Universal.pc
2026-02-09 02:08:19,951 - aqt.updater - INFO - updater 140361593432960 Patching /home/runner/work/FreeCAD/Qt/6.8.3/gcc_64/lib/pkgconfig/Qt6Linguist.pc
2026-02-09 02:08:19,951 - aqt.updater - INFO - updater 140361593432960 Patching /home/runner/work/FreeCAD/Qt/6.8.3/gcc_64/lib/pkgconfig/Qt6QmlNetwork.pc
2026-02-09 02:08:19,952 - aqt.updater - INFO - updater 140361593432960 Patching /home/runner/work/FreeCAD/Qt/6.8.3/gcc_64/lib/pkgconfig/Qt6LabsFolderListModel.pc
2026-02-09 02:08:19,952 - aqt.updater - INFO - updater 140361593432960 Patching /home/runner/work/FreeCAD/Qt/6.8.3/gcc_64/lib/pkgconfig/Qt6QmlAssetDownloader.pc
2026-02-09 02:08:19,952 - aqt.updater - INFO - updater 140361593432960 Patching /home/runner/work/FreeCAD/Qt/6.8.3/gcc_64/lib/pkgconfig/Qt6QmlXmlListModel.pc
2026-02-09 02:08:19,952 - aqt.updater - INFO - updater 140361593432960 Patching /home/runner/work/FreeCAD/Qt/6.8.3/gcc_64/lib/pkgconfig/Qt6Concurrent.pc
2026-02-09 02:08:19,952 - aqt.updater - INFO - updater 140361593432960 Patching /home/runner/work/FreeCAD/Qt/6.8.3/gcc_64/lib/pkgconfig/Qt6OpenGL.pc
2026-02-09 02:08:19,952 - aqt.updater - INFO - updater 140361593432960 Patching /home/runner/work/FreeCAD/Qt/6.8.3/gcc_64/lib/pkgconfig/Qt6LabsQmlModels.pc
2026-02-09 02:08:19,953 - aqt.updater - INFO - updater 140361593432960 Patching /home/runner/work/FreeCAD/Qt/6.8.3/gcc_64/lib/pkgconfig/Qt6QuickVectorImage.pc
2026-02-09 02:08:19,953 - aqt.updater - INFO - updater 140361593432960 Patching /home/runner/work/FreeCAD/Qt/6.8.3/gcc_64/lib/pkgconfig/Qt6QuickControls2Imagine.pc
2026-02-09 02:08:19,953 - aqt.updater - INFO - updater 140361593432960 Patching /home/runner/work/FreeCAD/Qt/6.8.3/gcc_64/lib/pkgconfig/Qt6WaylandClient.pc
2026-02-09 02:08:19,953 - aqt.updater - INFO - updater 140361593432960 Patching /home/runner/work/FreeCAD/Qt/6.8.3/gcc_64/lib/pkgconfig/Qt6Svg.pc
2026-02-09 02:08:19,953 - aqt.updater - INFO - updater 140361593432960 Patching /home/runner/work/FreeCAD/Qt/6.8.3/gcc_64/lib/pkgconfig/Qt6QuickControls2MaterialStyleImpl.pc
2026-02-09 02:08:19,953 - aqt.updater - INFO - updater 140361593432960 Patching /home/runner/work/FreeCAD/Qt/6.8.3/gcc_64/lib/pkgconfig/Qt6QmlMeta.pc
2026-02-09 02:08:19,954 - aqt.updater - INFO - updater 140361593432960 Patching /home/runner/work/FreeCAD/Qt/6.8.3/gcc_64/lib/pkgconfig/Qt6Test.pc
2026-02-09 02:08:19,954 - aqt.updater - INFO - updater 140361593432960 Patching /home/runner/work/FreeCAD/Qt/6.8.3/gcc_64/lib/pkgconfig/Qt6Quick.pc
2026-02-09 02:08:19,954 - aqt.updater - INFO - updater 140361593432960 Patching /home/runner/work/FreeCAD/Qt/6.8.3/gcc_64/lib/pkgconfig/Qt6LabsPlatform.pc
2026-02-09 02:08:19,954 - aqt.updater - INFO - updater 140361593432960 Patching /home/runner/work/FreeCAD/Qt/6.8.3/gcc_64/lib/pkgconfig/Qt6QmlLocalStorage.pc
2026-02-09 02:08:19,954 - aqt.updater - INFO - updater 140361593432960 Patching /home/runner/work/FreeCAD/Qt/6.8.3/gcc_64/lib/pkgconfig/Qt6Widgets.pc
2026-02-09 02:08:19,954 - aqt.updater - INFO - updater 140361593432960 Patching /home/runner/work/FreeCAD/Qt/6.8.3/gcc_64/lib/pkgconfig/Qt6QmlCore.pc
2026-02-09 02:08:19,955 - aqt.updater - INFO - updater 140361593432960 Patching /home/runner/work/FreeCAD/Qt/6.8.3/gcc_64/lib/pkgconfig/Qt6LabsSharedImage.pc
2026-02-09 02:08:19,955 - aqt.updater - INFO - updater 140361593432960 Patching /home/runner/work/FreeCAD/Qt/6.8.3/gcc_64/lib/pkgconfig/Qt6OpenGLWidgets.pc
2026-02-09 02:08:19,955 - aqt.updater - INFO - updater 140361593432960 Patching /home/runner/work/FreeCAD/Qt/6.8.3/gcc_64/lib/pkgconfig/Qt6QuickControls2Impl.pc
2026-02-09 02:08:19,955 - aqt.updater - INFO - updater 140361593432960 Patching /home/runner/work/FreeCAD/Qt/6.8.3/gcc_64/lib/pkgconfig/Qt6QmlCompiler.pc
2026-02-09 02:08:19,955 - aqt.updater - INFO - updater 140361593432960 Patching /home/runner/work/FreeCAD/Qt/6.8.3/gcc_64/lib/pkgconfig/Qt6QuickDialogs2Utils.pc
2026-02-09 02:08:19,956 - aqt.updater - INFO - updater 140361593432960 Patching /home/runner/work/FreeCAD/Qt/6.8.3/gcc_64/lib/pkgconfig/Qt6QuickDialogs2QuickImpl.pc
2026-02-09 02:08:19,956 - aqt.updater - INFO - updater 140361593432960 Patching /home/runner/work/FreeCAD/Qt/6.8.3/gcc_64/lib/pkgconfig/Qt6QuickControls2Basic.pc
2026-02-09 02:08:19,956 - aqt.updater - INFO - updater 140361593432960 Patching /home/runner/work/FreeCAD/Qt/6.8.3/gcc_64/lib/pkgconfig/Qt6QuickControls2FusionStyleImpl.pc
2026-02-09 02:08:19,956 - aqt.updater - INFO - updater 140361593432960 Patching /home/runner/work/FreeCAD/Qt/6.8.3/gcc_64/lib/pkgconfig/Qt6QmlWorkerScript.pc
2026-02-09 02:08:19,956 - aqt.updater - INFO - updater 140361593432960 Patching /home/runner/work/FreeCAD/Qt/6.8.3/gcc_64/lib/pkgconfig/Qt6QuickTest.pc
2026-02-09 02:08:19,956 - aqt.updater - INFO - updater 140361593432960 Patching /home/runner/work/FreeCAD/Qt/6.8.3/gcc_64/lib/pkgconfig/Qt6QuickControls2ImagineStyleImpl.pc
2026-02-09 02:08:19,957 - aqt.updater - INFO - updater 140361593432960 Patching /home/runner/work/FreeCAD/Qt/6.8.3/gcc_64/lib/pkgconfig/Qt6QmlModels.pc
2026-02-09 02:08:19,957 - aqt.updater - INFO - updater 140361593432960 Patching /home/runner/work/FreeCAD/Qt/6.8.3/gcc_64/lib/libQt6Svg.prl
2026-02-09 02:08:19,958 - aqt.updater - INFO - updater 140361593432960 Patching /home/runner/work/FreeCAD/Qt/6.8.3/gcc_64/lib/libQt6OpenGL.prl
2026-02-09 02:08:19,958 - aqt.updater - INFO - updater 140361593432960 Patching /home/runner/work/FreeCAD/Qt/6.8.3/gcc_64/lib/libQt6QmlLocalStorage.prl
2026-02-09 02:08:19,958 - aqt.updater - INFO - updater 140361593432960 Patching /home/runner/work/FreeCAD/Qt/6.8.3/gcc_64/lib/libQt6QuickEffects.prl
2026-02-09 02:08:19,958 - aqt.updater - INFO - updater 140361593432960 Patching /home/runner/work/FreeCAD/Qt/6.8.3/gcc_64/lib/libQt6Gui.prl
2026-02-09 02:08:19,958 - aqt.updater - INFO - updater 140361593432960 Patching /home/runner/work/FreeCAD/Qt/6.8.3/gcc_64/lib/libQt6Network.prl
2026-02-09 02:08:19,958 - aqt.updater - INFO - updater 140361593432960 Patching /home/runner/work/FreeCAD/Qt/6.8.3/gcc_64/lib/libQt6QuickControls2FluentWinUI3StyleImpl.prl
2026-02-09 02:08:19,959 - aqt.updater - INFO - updater 140361593432960 Patching /home/runner/work/FreeCAD/Qt/6.8.3/gcc_64/lib/libQt6WaylandEglClientHwIntegration.prl
2026-02-09 02:08:19,959 - aqt.updater - INFO - updater 140361593432960 Patching /home/runner/work/FreeCAD/Qt/6.8.3/gcc_64/lib/libQt6Quick.prl
2026-02-09 02:08:19,959 - aqt.updater - INFO - updater 140361593432960 Patching /home/runner/work/FreeCAD/Qt/6.8.3/gcc_64/lib/libQt6QuickVectorImage.prl
2026-02-09 02:08:19,959 - aqt.updater - INFO - updater 140361593432960 Patching /home/runner/work/FreeCAD/Qt/6.8.3/gcc_64/lib/libQt6QuickControls2.prl
2026-02-09 02:08:19,959 - aqt.updater - INFO - updater 140361593432960 Patching /home/runner/work/FreeCAD/Qt/6.8.3/gcc_64/lib/libQt6QuickControls2BasicStyleImpl.prl
2026-02-09 02:08:19,960 - aqt.updater - INFO - updater 140361593432960 Patching /home/runner/work/FreeCAD/Qt/6.8.3/gcc_64/lib/libQt6QmlNetwork.prl
2026-02-09 02:08:19,960 - aqt.updater - INFO - updater 140361593432960 Patching /home/runner/work/FreeCAD/Qt/6.8.3/gcc_64/lib/libQt6ExampleIcons.prl
2026-02-09 02:08:19,960 - aqt.updater - INFO - updater 140361593432960 Patching /home/runner/work/FreeCAD/Qt/6.8.3/gcc_64/lib/libQt6WlShellIntegration.prl
2026-02-09 02:08:19,960 - aqt.updater - INFO - updater 140361593432960 Patching /home/runner/work/FreeCAD/Qt/6.8.3/gcc_64/lib/libQt6LabsQmlModels.prl
2026-02-09 02:08:19,960 - aqt.updater - INFO - updater 140361593432960 Patching /home/runner/work/FreeCAD/Qt/6.8.3/gcc_64/lib/libQt6QuickDialogs2.prl
2026-02-09 02:08:19,960 - aqt.updater - INFO - updater 140361593432960 Patching /home/runner/work/FreeCAD/Qt/6.8.3/gcc_64/lib/libQt6QuickVectorImageGenerator.prl
2026-02-09 02:08:19,961 - aqt.updater - INFO - updater 140361593432960 Patching /home/runner/work/FreeCAD/Qt/6.8.3/gcc_64/lib/libQt6DesignerComponents.prl
2026-02-09 02:08:19,961 - aqt.updater - INFO - updater 140361593432960 Patching /home/runner/work/FreeCAD/Qt/6.8.3/gcc_64/lib/libQt6FbSupport.prl
2026-02-09 02:08:19,961 - aqt.updater - INFO - updater 140361593432960 Patching /home/runner/work/FreeCAD/Qt/6.8.3/gcc_64/lib/libQt6SvgWidgets.prl
2026-02-09 02:08:19,961 - aqt.updater - INFO - updater 140361593432960 Patching /home/runner/work/FreeCAD/Qt/6.8.3/gcc_64/lib/libQt6QuickWidgets.prl
2026-02-09 02:08:19,961 - aqt.updater - INFO - updater 140361593432960 Patching /home/runner/work/FreeCAD/Qt/6.8.3/gcc_64/lib/libQt6QmlMeta.prl
2026-02-09 02:08:19,961 - aqt.updater - INFO - updater 140361593432960 Patching /home/runner/work/FreeCAD/Qt/6.8.3/gcc_64/lib/libQt6QmlWorkerScript.prl
2026-02-09 02:08:19,962 - aqt.updater - INFO - updater 140361593432960 Patching /home/runner/work/FreeCAD/Qt/6.8.3/gcc_64/lib/libQt6LabsFolderListModel.prl
2026-02-09 02:08:19,962 - aqt.updater - INFO - updater 140361593432960 Patching /home/runner/work/FreeCAD/Qt/6.8.3/gcc_64/lib/libQt6QuickDialogs2Utils.prl
2026-02-09 02:08:19,962 - aqt.updater - INFO - updater 140361593432960 Patching /home/runner/work/FreeCAD/Qt/6.8.3/gcc_64/lib/libQt6QuickControls2ImagineStyleImpl.prl
2026-02-09 02:08:19,962 - aqt.updater - INFO - updater 140361593432960 Patching /home/runner/work/FreeCAD/Qt/6.8.3/gcc_64/lib/libQt6QmlToolingSettings.prl
2026-02-09 02:08:19,962 - aqt.updater - INFO - updater 140361593432960 Patching /home/runner/work/FreeCAD/Qt/6.8.3/gcc_64/lib/libQt6QmlLS.prl
2026-02-09 02:08:19,962 - aqt.updater - INFO - updater 140361593432960 Patching /home/runner/work/FreeCAD/Qt/6.8.3/gcc_64/lib/libQt6QuickTest.prl
2026-02-09 02:08:19,963 - aqt.updater - INFO - updater 140361593432960 Patching /home/runner/work/FreeCAD/Qt/6.8.3/gcc_64/lib/libQt6QuickControlsTestUtils.prl
2026-02-09 02:08:19,963 - aqt.updater - INFO - updater 140361593432960 Patching /home/runner/work/FreeCAD/Qt/6.8.3/gcc_64/lib/libQt6Concurrent.prl
2026-02-09 02:08:19,963 - aqt.updater - INFO - updater 140361593432960 Patching /home/runner/work/FreeCAD/Qt/6.8.3/gcc_64/lib/libQt6KmsSupport.prl
2026-02-09 02:08:19,963 - aqt.updater - INFO - updater 140361593432960 Patching /home/runner/work/FreeCAD/Qt/6.8.3/gcc_64/lib/libQt6QuickControls2MaterialStyleImpl.prl
2026-02-09 02:08:19,963 - aqt.updater - INFO - updater 140361593432960 Patching /home/runner/work/FreeCAD/Qt/6.8.3/gcc_64/lib/libQt6Help.prl
2026-02-09 02:08:19,963 - aqt.updater - INFO - updater 140361593432960 Patching /home/runner/work/FreeCAD/Qt/6.8.3/gcc_64/lib/libQt6Xml.prl
2026-02-09 02:08:19,964 - aqt.updater - INFO - updater 140361593432960 Patching /home/runner/work/FreeCAD/Qt/6.8.3/gcc_64/lib/libQt6EglFsKmsGbmSupport.prl
2026-02-09 02:08:19,964 - aqt.updater - INFO - updater 140361593432960 Patching /home/runner/work/FreeCAD/Qt/6.8.3/gcc_64/lib/libQt6DBus.prl
2026-02-09 02:08:19,964 - aqt.updater - INFO - updater 140361593432960 Patching /home/runner/work/FreeCAD/Qt/6.8.3/gcc_64/lib/libQt6QuickDialogs2QuickImpl.prl
2026-02-09 02:08:19,964 - aqt.updater - INFO - updater 140361593432960 Patching /home/runner/work/FreeCAD/Qt/6.8.3/gcc_64/lib/libQt6EglFSDeviceIntegration.prl
2026-02-09 02:08:19,964 - aqt.updater - INFO - updater 140361593432960 Patching /home/runner/work/FreeCAD/Qt/6.8.3/gcc_64/lib/libQt6InputSupport.prl
2026-02-09 02:08:19,965 - aqt.updater - INFO - updater 140361593432960 Patching /home/runner/work/FreeCAD/Qt/6.8.3/gcc_64/lib/libQt6Widgets.prl
2026-02-09 02:08:19,965 - aqt.updater - INFO - updater 140361593432960 Patching /home/runner/work/FreeCAD/Qt/6.8.3/gcc_64/lib/libQt6Sql.prl
2026-02-09 02:08:19,965 - aqt.updater - INFO - updater 140361593432960 Patching /home/runner/work/FreeCAD/Qt/6.8.3/gcc_64/lib/libQt6QuickTestUtils.prl
2026-02-09 02:08:19,965 - aqt.updater - INFO - updater 140361593432960 Patching /home/runner/work/FreeCAD/Qt/6.8.3/gcc_64/lib/libQt6QmlModels.prl
2026-02-09 02:08:19,965 - aqt.updater - INFO - updater 140361593432960 Patching /home/runner/work/FreeCAD/Qt/6.8.3/gcc_64/lib/libQt6QuickControls2Basic.prl
2026-02-09 02:08:19,965 - aqt.updater - INFO - updater 140361593432960 Patching /home/runner/work/FreeCAD/Qt/6.8.3/gcc_64/lib/libQt6QuickTemplates2.prl
2026-02-09 02:08:19,966 - aqt.updater - INFO - updater 140361593432960 Patching /home/runner/work/FreeCAD/Qt/6.8.3/gcc_64/lib/libQt6UiTools.prl
2026-02-09 02:08:19,966 - aqt.updater - INFO - updater 140361593432960 Patching /home/runner/work/FreeCAD/Qt/6.8.3/gcc_64/lib/libQt6QmlDebug.prl
2026-02-09 02:08:19,966 - aqt.updater - INFO - updater 140361593432960 Patching /home/runner/work/FreeCAD/Qt/6.8.3/gcc_64/lib/libQt6QuickControls2Imagine.prl
2026-02-09 02:08:19,966 - aqt.updater - INFO - updater 140361593432960 Patching /home/runner/work/FreeCAD/Qt/6.8.3/gcc_64/lib/libQt6WaylandClient.prl
2026-02-09 02:08:19,966 - aqt.updater - INFO - updater 140361593432960 Patching /home/runner/work/FreeCAD/Qt/6.8.3/gcc_64/lib/libQt6PacketProtocol.prl
2026-02-09 02:08:19,966 - aqt.updater - INFO - updater 140361593432960 Patching /home/runner/work/FreeCAD/Qt/6.8.3/gcc_64/lib/libQt6OpenGLWidgets.prl
2026-02-09 02:08:19,967 - aqt.updater - INFO - updater 140361593432960 Patching /home/runner/work/FreeCAD/Qt/6.8.3/gcc_64/lib/libQt6LabsPlatform.prl
2026-02-09 02:08:19,967 - aqt.updater - INFO - updater 140361593432960 Patching /home/runner/work/FreeCAD/Qt/6.8.3/gcc_64/lib/libQt6Core.prl
2026-02-09 02:08:19,967 - aqt.updater - INFO - updater 140361593432960 Patching /home/runner/work/FreeCAD/Qt/6.8.3/gcc_64/lib/libQt6QuickControls2FusionStyleImpl.prl
2026-02-09 02:08:19,967 - aqt.updater - INFO - updater 140361593432960 Patching /home/runner/work/FreeCAD/Qt/6.8.3/gcc_64/lib/libQt6LabsSettings.prl
2026-02-09 02:08:19,967 - aqt.updater - INFO - updater 140361593432960 Patching /home/runner/work/FreeCAD/Qt/6.8.3/gcc_64/lib/libQt6QmlDom.prl
2026-02-09 02:08:19,968 - aqt.updater - INFO - updater 140361593432960 Patching /home/runner/work/FreeCAD/Qt/6.8.3/gcc_64/lib/libQt6Qml.prl
2026-02-09 02:08:19,968 - aqt.updater - INFO - updater 140361593432960 Patching /home/runner/work/FreeCAD/Qt/6.8.3/gcc_64/lib/libQt6QuickControls2UniversalStyleImpl.prl
2026-02-09 02:08:19,968 - aqt.updater - INFO - updater 140361593432960 Patching /home/runner/work/FreeCAD/Qt/6.8.3/gcc_64/lib/libQt6QuickLayouts.prl
2026-02-09 02:08:19,968 - aqt.updater - INFO - updater 140361593432960 Patching /home/runner/work/FreeCAD/Qt/6.8.3/gcc_64/lib/libQt6QuickControls2Impl.prl
2026-02-09 02:08:19,968 - aqt.updater - INFO - updater 140361593432960 Patching /home/runner/work/FreeCAD/Qt/6.8.3/gcc_64/lib/libQt6XcbQpa.prl
2026-02-09 02:08:19,968 - aqt.updater - INFO - updater 140361593432960 Patching /home/runner/work/FreeCAD/Qt/6.8.3/gcc_64/lib/libQt6QuickShapes.prl
2026-02-09 02:08:19,969 - aqt.updater - INFO - updater 140361593432960 Patching /home/runner/work/FreeCAD/Qt/6.8.3/gcc_64/lib/libQt6DeviceDiscoverySupport.prl
2026-02-09 02:08:19,969 - aqt.updater - INFO - updater 140361593432960 Patching /home/runner/work/FreeCAD/Qt/6.8.3/gcc_64/lib/libQt6QmlCompiler.prl
2026-02-09 02:08:19,969 - aqt.updater - INFO - updater 140361593432960 Patching /home/runner/work/FreeCAD/Qt/6.8.3/gcc_64/lib/libQt6QuickParticles.prl
2026-02-09 02:08:19,969 - aqt.updater - INFO - updater 140361593432960 Patching /home/runner/work/FreeCAD/Qt/6.8.3/gcc_64/lib/libQt6QuickControls2Universal.prl
2026-02-09 02:08:19,969 - aqt.updater - INFO - updater 140361593432960 Patching /home/runner/work/FreeCAD/Qt/6.8.3/gcc_64/lib/libQt6LabsWavefrontMesh.prl
2026-02-09 02:08:19,969 - aqt.updater - INFO - updater 140361593432960 Patching /home/runner/work/FreeCAD/Qt/6.8.3/gcc_64/lib/libQt6QmlXmlListModel.prl
2026-02-09 02:08:19,970 - aqt.updater - INFO - updater 140361593432960 Patching /home/runner/work/FreeCAD/Qt/6.8.3/gcc_64/lib/libQt6EglFsKmsSupport.prl
2026-02-09 02:08:19,970 - aqt.updater - INFO - updater 140361593432960 Patching /home/runner/work/FreeCAD/Qt/6.8.3/gcc_64/lib/libQt6LabsSharedImage.prl
2026-02-09 02:08:19,970 - aqt.updater - INFO - updater 140361593432960 Patching /home/runner/work/FreeCAD/Qt/6.8.3/gcc_64/lib/libQt6PrintSupport.prl
2026-02-09 02:08:19,970 - aqt.updater - INFO - updater 140361593432960 Patching /home/runner/work/FreeCAD/Qt/6.8.3/gcc_64/lib/libQt6QuickControls2Fusion.prl
2026-02-09 02:08:19,970 - aqt.updater - INFO - updater 140361593432960 Patching /home/runner/work/FreeCAD/Qt/6.8.3/gcc_64/lib/libQt6Designer.prl
2026-02-09 02:08:19,970 - aqt.updater - INFO - updater 140361593432960 Patching /home/runner/work/FreeCAD/Qt/6.8.3/gcc_64/lib/libQt6ExamplesAssetDownloader.prl
2026-02-09 02:08:19,971 - aqt.updater - INFO - updater 140361593432960 Patching /home/runner/work/FreeCAD/Qt/6.8.3/gcc_64/lib/libQt6QmlTypeRegistrar.prl
2026-02-09 02:08:19,971 - aqt.updater - INFO - updater 140361593432960 Patching /home/runner/work/FreeCAD/Qt/6.8.3/gcc_64/lib/libQt6LabsAnimation.prl
2026-02-09 02:08:19,971 - aqt.updater - INFO - updater 140361593432960 Patching /home/runner/work/FreeCAD/Qt/6.8.3/gcc_64/lib/libQt6QuickControls2Material.prl
2026-02-09 02:08:19,971 - aqt.updater - INFO - updater 140361593432960 Patching /home/runner/work/FreeCAD/Qt/6.8.3/gcc_64/lib/libQt6QmlCore.prl
2026-02-09 02:08:19,971 - aqt.updater - INFO - updater 140361593432960 Patching /home/runner/work/FreeCAD/Qt/6.8.3/gcc_64/lib/libQt6QmlAssetDownloader.prl
2026-02-09 02:08:19,972 - aqt.updater - INFO - updater 140361593432960 Patching /home/runner/work/FreeCAD/Qt/6.8.3/gcc_64/lib/libQt6Test.prl
2026-02-09 02:08:19,972 - aqt.main - INFO - installer 140361593432960 Finished installation
2026-02-09 02:08:19,972 - aqt.main - INFO - installer 140361593432960 Time elapsed: 20.04636655 second
